<?xml version="1.0" encoding="UTF-8"?>
<coverage generated="1670759742397" clover="3.2.0">
  <project timestamp="1670759742397" name="All files">
    <metrics statements="23" coveredstatements="15" conditionals="1" coveredconditionals="0" methods="7" coveredmethods="3" elements="31" coveredelements="18" complexity="0" loc="23" ncloc="23" packages="1" files="1" classes="1"/>
    <file name="searchBarIndex.js" path="C:\Users\Elias\PhpstormProjects\Tourist-Guide-Frontend-App\components\searchBarIndex.js">
      <metrics statements="23" coveredstatements="15" conditionals="1" coveredconditionals="0" methods="7" coveredmethods="3"/>
      <line num="1" count="1" type="stmt"/>
      <line num="2" count="1" type="stmt"/>
      <line num="4" count="1" type="stmt"/>
      <line num="5" count="1" type="stmt"/>
      <line num="6" count="1" type="stmt"/>
      <line num="8" count="1" type="stmt"/>
      <line num="17" count="1" type="stmt"/>
      <line num="18" count="1" type="stmt"/>
      <line num="20" count="0" type="stmt"/>
      <line num="25" count="2" type="stmt"/>
      <line num="44" count="1" type="stmt"/>
      <line num="45" count="1" type="stmt"/>
      <line num="47" count="1" type="stmt"/>
      <line num="48" count="0" type="stmt"/>
      <line num="52" count="1" type="stmt"/>
      <line num="53" count="0" type="stmt"/>
      <line num="54" count="0" type="stmt"/>
      <line num="55" count="0" type="stmt"/>
      <line num="58" count="1" type="stmt"/>
      <line num="59" count="0" type="cond" truecount="0" falsecount="1"/>
      <line num="60" count="0" type="stmt"/>
      <line num="61" count="0" type="stmt"/>
      <line num="65" count="1" type="stmt"/>
    </file>
  </project>
</coverage>
