{"C:\\Users\\Elias\\PhpstormProjects\\Tourist-Guide-Frontend-App\\components\\searchBarIndex.js": {"path":"C:\\Users\\Elias\\PhpstormProjects\\Tourist-Guide-Frontend-App\\components\\searchBarIndex.js","statementMap":{"0":{"start":{"line":44,"column":24},"end":{"line":44,"column":43}},"1":{"start":{"line":1,"column":30},"end":{"line":3,"column":null}},"2":{"start":{"line":2,"column":47},"end":{"line":2,"column":null}},"3":{"start":{"line":4,"column":35},"end":{"line":4,"column":null}},"4":{"start":{"line":5,"column":42},"end":{"line":5,"column":null}},"5":{"start":{"line":6,"column":41},"end":{"line":6,"column":null}},"6":{"start":{"line":45,"column":42},"end":{"line":45,"column":50}},"7":{"start":{"line":47,"column":29},"end":{"line":50,"column":null}},"8":{"start":{"line":48,"column":8},"end":{"line":48,"column":null}},"9":{"start":{"line":52,"column":29},"end":{"line":56,"column":null}},"10":{"start":{"line":53,"column":8},"end":{"line":53,"column":null}},"11":{"start":{"line":54,"column":8},"end":{"line":54,"column":null}},"12":{"start":{"line":55,"column":8},"end":{"line":55,"column":null}},"13":{"start":{"line":58,"column":35},"end":{"line":63,"column":null}},"14":{"start":{"line":59,"column":8},"end":{"line":62,"column":null}},"15":{"start":{"line":60,"column":12},"end":{"line":60,"column":null}},"16":{"start":{"line":61,"column":12},"end":{"line":61,"column":null}},"17":{"start":{"line":65,"column":4},"end":{"line":92,"column":null}},"18":{"start":{"line":8,"column":15},"end":{"line":15,"column":1}},"19":{"start":{"line":17,"column":18},"end":{"line":41,"column":null}},"20":{"start":{"line":18,"column":4},"end":{"line":41,"column":null}},"21":{"start":{"line":20,"column":34},"end":{"line":20,"column":51}},"22":{"start":{"line":25,"column":16},"end":{"line":38,"column":null}}},"fnMap":{"0":{"name":"SearchBarIndexComp","decl":{"start":{"line":44,"column":24},"end":{"line":44,"column":42}},"loc":{"start":{"line":44,"column":50},"end":{"line":94,"column":null}}},"1":{"name":"(anonymous_1)","decl":{"start":{"line":47,"column":29},"end":{"line":47,"column":30}},"loc":{"start":{"line":47,"column":36},"end":{"line":50,"column":null}}},"2":{"name":"(anonymous_2)","decl":{"start":{"line":52,"column":29},"end":{"line":52,"column":30}},"loc":{"start":{"line":52,"column":36},"end":{"line":56,"column":null}}},"3":{"name":"(anonymous_3)","decl":{"start":{"line":58,"column":35},"end":{"line":58,"column":36}},"loc":{"start":{"line":58,"column":42},"end":{"line":63,"column":null}}},"4":{"name":"(anonymous_6)","decl":{"start":{"line":17,"column":18},"end":{"line":17,"column":19}},"loc":{"start":{"line":18,"column":4},"end":{"line":41,"column":null}}},"5":{"name":"(anonymous_7)","decl":{"start":{"line":20,"column":27},"end":{"line":20,"column":28}},"loc":{"start":{"line":20,"column":34},"end":{"line":20,"column":51}}},"6":{"name":"(anonymous_8)","decl":{"start":{"line":24,"column":25},"end":{"line":24,"column":26}},"loc":{"start":{"line":25,"column":16},"end":{"line":38,"column":null}}}},"branchMap":{"0":{"loc":{"start":{"line":59,"column":8},"end":{"line":62,"column":null}},"type":"if","locations":[{"start":{"line":59,"column":8},"end":{"line":62,"column":null}}]}},"s":{"0":1,"1":1,"2":1,"3":1,"4":1,"5":1,"6":1,"7":1,"8":0,"9":1,"10":0,"11":0,"12":0,"13":1,"14":0,"15":0,"16":0,"17":1,"18":1,"19":1,"20":1,"21":0,"22":2},"f":{"0":1,"1":0,"2":0,"3":0,"4":1,"5":0,"6":2},"b":{"0":[0]}}
}
