TN:
SF:components\searchBarIndex.js
FN:44,SearchBarIndexComp
FN:47,(anonymous_1)
FN:52,(anonymous_2)
FN:58,(anonymous_3)
FN:17,(anonymous_6)
FN:20,(anonymous_7)
FN:24,(anonymous_8)
FNF:7
FNH:3
FNDA:1,SearchBarIndexComp
FNDA:0,(anonymous_1)
FNDA:0,(anonymous_2)
FNDA:0,(anonymous_3)
FNDA:1,(anonymous_6)
FNDA:0,(anonymous_7)
FNDA:2,(anonymous_8)
DA:1,1
DA:2,1
DA:4,1
DA:5,1
DA:6,1
DA:8,1
DA:17,1
DA:18,1
DA:20,0
DA:25,2
DA:44,1
DA:45,1
DA:47,1
DA:48,0
DA:52,1
DA:53,0
DA:54,0
DA:55,0
DA:58,1
DA:59,0
DA:60,0
DA:61,0
DA:65,1
LF:23
LH:15
BRDA:59,0,0,0
BRF:1
BRH:0
end_of_record
